<?xml version="1.0" encoding="UTF-8"?>
<!-- Generated by org.testng.reporters.JUnitReportReporter -->
<testsuite hostname="DESKTOP-CD64S2Q" failures="1" tests="1" name="PersonSide.Person.testCase.Edit.TestCase_EditPerson_NameWrong" time="13.301" errors="0" timestamp="2022-01-30T14:56:12 IRST" skipped="0">
  <testcase classname="PersonSide.Person.testCase.Edit.TestCase_EditPerson_NameWrong" name="f" time="13.301">
    <failure message="expected [شخص مورد نظر بدرستی ویرایش گردید.] but found [مشخصات کلی

نام کاربری
نوع شخص
حقیقی
 نوع شخص
حقیقی
حقوقی
کد شخص (4 رقمی)
تاریخ ثبت نام
شناسه ملی
شماره اقتصادی
گروه بندی
گروه بندی
 گروه بندی
شماره ثبت
حساب بانکی
لیست قیمت
لیست قیمت
 لیست قیمت
ـــ
بازاریاب
مشخصات فردی

پیشوند اسم
نام
نام خانوادگی
نمایش طرف حساب با نام
تلفن همراه
عکس
حجم عکس نمی تواند از 1 مگابایت بیشتر باشد.
ایمیل
سقف بدهکاری
وضعیت بدهکاری
وضعیت بدهکاری
 وضعیت بدهکاری
بی تاثیر
هشدار
ممنوع الثبت
آدرس

استان
شهر
کدپستی
آدرس
تلفن
فکس
وب سایت
یادداشت
ویرایش انصراف]" type="java.lang.AssertionError">
      <![CDATA[java.lang.AssertionError: expected [شخص مورد نظر بدرستی ویرایش گردید.] but found [مشخصات کلی

نام کاربری
نوع شخص
حقیقی
 نوع شخص
حقیقی
حقوقی
کد شخص (4 رقمی)
تاریخ ثبت نام
شناسه ملی
شماره اقتصادی
گروه بندی
گروه بندی
 گروه بندی
شماره ثبت
حساب بانکی
لیست قیمت
لیست قیمت
 لیست قیمت
ـــ
بازاریاب
مشخصات فردی

پیشوند اسم
نام
نام خانوادگی
نمایش طرف حساب با نام
تلفن همراه
عکس
حجم عکس نمی تواند از 1 مگابایت بیشتر باشد.
ایمیل
سقف بدهکاری
وضعیت بدهکاری
وضعیت بدهکاری
 وضعیت بدهکاری
بی تاثیر
هشدار
ممنوع الثبت
آدرس

استان
شهر
کدپستی
آدرس
تلفن
فکس
وب سایت
یادداشت
ویرایش انصراف]
at org.testng.Assert.fail(Assert.java:99)
at org.testng.Assert.failNotEquals(Assert.java:1037)
at org.testng.Assert.assertEqualsImpl(Assert.java:140)
at org.testng.Assert.assertEquals(Assert.java:122)
at org.testng.Assert.assertEquals(Assert.java:629)
at org.testng.Assert.assertEquals(Assert.java:639)
at PersonSide.Person.testCase.Edit.TestCase_EditPerson_NameWrong.f(TestCase_EditPerson_NameWrong.java:37)
at java.base/jdk.internal.reflect.NativeMethodAccessorImpl.invoke0(Native Method)
at java.base/jdk.internal.reflect.NativeMethodAccessorImpl.invoke(NativeMethodAccessorImpl.java:78)
at java.base/jdk.internal.reflect.DelegatingMethodAccessorImpl.invoke(DelegatingMethodAccessorImpl.java:43)
at java.base/java.lang.reflect.Method.invoke(Method.java:567)
at org.testng.internal.MethodInvocationHelper.invokeMethod(MethodInvocationHelper.java:133)
at org.testng.internal.TestInvoker.invokeMethod(TestInvoker.java:598)
at org.testng.internal.TestInvoker.invokeTestMethod(TestInvoker.java:173)
at org.testng.internal.MethodRunner.runInSequence(MethodRunner.java:46)
at org.testng.internal.TestInvoker$MethodInvocationAgent.invoke(TestInvoker.java:824)
at org.testng.internal.TestInvoker.invokeTestMethods(TestInvoker.java:146)
at org.testng.internal.TestMethodWorker.invokeTestMethods(TestMethodWorker.java:146)
at org.testng.internal.TestMethodWorker.run(TestMethodWorker.java:128)
at java.base/java.util.ArrayList.forEach(ArrayList.java:1511)
at org.testng.TestRunner.privateRun(TestRunner.java:794)
at org.testng.TestRunner.run(TestRunner.java:596)
at org.testng.SuiteRunner.runTest(SuiteRunner.java:377)
at org.testng.SuiteRunner.runSequentially(SuiteRunner.java:371)
at org.testng.SuiteRunner.privateRun(SuiteRunner.java:332)
at org.testng.SuiteRunner.run(SuiteRunner.java:276)
at org.testng.SuiteRunnerWorker.runSuite(SuiteRunnerWorker.java:53)
at org.testng.SuiteRunnerWorker.run(SuiteRunnerWorker.java:96)
at org.testng.TestNG.runSuitesSequentially(TestNG.java:1212)
at org.testng.TestNG.runSuitesLocally(TestNG.java:1134)
at org.testng.TestNG.runSuites(TestNG.java:1063)
at org.testng.TestNG.run(TestNG.java:1031)
at org.testng.remote.AbstractRemoteTestNG.run(AbstractRemoteTestNG.java:115)
at org.testng.remote.RemoteTestNG.initAndRun(RemoteTestNG.java:251)
at org.testng.remote.RemoteTestNG.main(RemoteTestNG.java:77)
]]>
    </failure>
  </testcase> <!-- f -->
  <system-out/>
</testsuite> <!-- PersonSide.Person.testCase.Edit.TestCase_EditPerson_NameWrong -->
