<?xml version="1.0" encoding="UTF-8"?>
<!-- Generated by org.testng.reporters.JUnitXMLReporter -->
<testsuite ignored="0" hostname="DESKTOP-CD64S2Q" failures="0" tests="9" name="Login" time="75.557" errors="0" timestamp="2022-01-12T17:20:39 IRST">
  <testcase classname="Establishment.Login.testCase.TestCase_LoginCorrect_WithGoogle" name="@AfterMethod afterMethod" time="0.047">
    <failure type="org.openqa.selenium.NoSuchWindowException" message="no such window: target window already closed
from unknown error: web view not found
  (Session info: chrome=97.0.4692.71)
Build info: version: &amp;apos;3.13.0&amp;apos;, revision: &amp;apos;2f0d292&amp;apos;, time: &amp;apos;2018-06-25T15:24:21.231Z&amp;apos;
System info: host: &amp;apos;DESKTOP-CD64S2Q&amp;apos;, ip: &amp;apos;192.168.30.66&amp;apos;, os.name: &amp;apos;Windows 10&amp;apos;, os.arch: &amp;apos;amd64&amp;apos;, os.version: &amp;apos;10.0&amp;apos;, java.version: &amp;apos;16.0.1&amp;apos;
Driver info: org.openqa.selenium.chrome.ChromeDriver
Capabilities {acceptInsecureCerts: false, browserName: chrome, browserVersion: 97.0.4692.71, chrome: {chromedriverVersion: 97.0.4692.71 (adefa7837d02a..., userDataDir: C:\Users\Shafiee\AppData\Lo...}, goog:chromeOptions: {debuggerAddress: localhost:51070}, javascriptEnabled: true, networkConnectionEnabled: false, pageLoadStrategy: normal, platform: WINDOWS, platformName: WINDOWS, proxy: Proxy(), setWindowRect: true, strictFileInteractability: false, timeouts: {implicit: 0, pageLoad: 300000, script: 30000}, unhandledPromptBehavior: dismiss and notify, webauthn:extension:credBlob: true, webauthn:extension:largeBlob: true, webauthn:virtualAuthenticators: true}
Session ID: fe97eefdf4110b4e5a4622f55ce6ff2d">
      <![CDATA[org.openqa.selenium.NoSuchWindowException: no such window: target window already closed
from unknown error: web view not found
  (Session info: chrome=97.0.4692.71)
Build info: version: '3.13.0', revision: '2f0d292', time: '2018-06-25T15:24:21.231Z'
System info: host: 'DESKTOP-CD64S2Q', ip: '192.168.30.66', os.name: 'Windows 10', os.arch: 'amd64', os.version: '10.0', java.version: '16.0.1'
Driver info: org.openqa.selenium.chrome.ChromeDriver
Capabilities {acceptInsecureCerts: false, browserName: chrome, browserVersion: 97.0.4692.71, chrome: {chromedriverVersion: 97.0.4692.71 (adefa7837d02a..., userDataDir: C:\Users\Shafiee\AppData\Lo...}, goog:chromeOptions: {debuggerAddress: localhost:51070}, javascriptEnabled: true, networkConnectionEnabled: false, pageLoadStrategy: normal, platform: WINDOWS, platformName: WINDOWS, proxy: Proxy(), setWindowRect: true, strictFileInteractability: false, timeouts: {implicit: 0, pageLoad: 300000, script: 30000}, unhandledPromptBehavior: dismiss and notify, webauthn:extension:credBlob: true, webauthn:extension:largeBlob: true, webauthn:virtualAuthenticators: true}
Session ID: fe97eefdf4110b4e5a4622f55ce6ff2d
at org.openqa.selenium.remote.http.W3CHttpResponseCodec.createException(W3CHttpResponseCodec.java:187)
at org.openqa.selenium.remote.http.W3CHttpResponseCodec.decode(W3CHttpResponseCodec.java:122)
at org.openqa.selenium.remote.http.W3CHttpResponseCodec.decode(W3CHttpResponseCodec.java:49)
at org.openqa.selenium.remote.HttpCommandExecutor.execute(HttpCommandExecutor.java:158)
at org.openqa.selenium.remote.service.DriverCommandExecutor.execute(DriverCommandExecutor.java:83)
at org.openqa.selenium.remote.RemoteWebDriver.execute(RemoteWebDriver.java:548)
at org.openqa.selenium.remote.RemoteWebDriver.execute(RemoteWebDriver.java:605)
at org.openqa.selenium.remote.RemoteWebDriver.getCurrentUrl(RemoteWebDriver.java:286)
at Establishment.Login.testCase.TestCase_LoginCorrect_WithGoogle.afterMethod(TestCase_LoginCorrect_WithGoogle.java:35)
at java.base/java.util.ArrayList.forEach(ArrayList.java:1511)
... Removed 37 stack frames]]>
    </failure>
  </testcase> <!-- @AfterMethod afterMethod -->
  <testcase classname="Establishment.Login.testCase.TestCase_LoginCorrect_WithEmail" name="f" time="2.454"/>
  <testcase classname="Establishment.Login.testCase.TestCase_LoginCorrect_WithNumber" name="f" time="5.906"/>
  <testcase classname="Establishment.Login.testCase.TestCase_LoginWrong_WithNumber" name="f" time="0.698"/>
  <testcase classname="Establishment.Login.testCase.TestCase_LoginWrong_WithEmail" name="f" time="0.774"/>
  <testcase classname="Establishment.Login.testCase.TestCase_LoginUsernameWrong_PasswordCorrect_WithNumber" name="f" time="0.649"/>
  <testcase classname="Establishment.Login.testCase.TestCase_LoginUsernameCorrect_PasswordWrong_WithNumber" name="f" time="0.783"/>
  <testcase classname="Establishment.Login.testCase.TestCase_LoginUsernameCorrect_PasswordWrong_WithEmail" name="f" time="0.736"/>
  <testcase classname="Establishment.Login.testCase.TestCase_LoginUsernameWrong_PasswordCorrect_WithEmail" name="f" time="0.707"/>
  <testcase classname="Establishment.Login.testCase.TestCase_LoginCorrect_WithGoogle" name="f" time="8.469"/>
</testsuite> <!-- Login -->
