<html>
<head>
<title>TestNG:  TestLogin.xml</title>
<link href="../testng.css" rel="stylesheet" type="text/css" />
<link href="../my-testng.css" rel="stylesheet" type="text/css" />

<style type="text/css">
.log { display: none;} 
.stack-trace { display: none;} 
</style>
<script type="text/javascript">
<!--
function flip(e) {
  current = e.style.display;
  if (current == 'block') {
    e.style.display = 'none';
    return 0;
  }
  else {
    e.style.display = 'block';
    return 1;
  }
}

function toggleBox(szDivId, elem, msg1, msg2)
{
  var res = -1;  if (document.getElementById) {
    res = flip(document.getElementById(szDivId));
  }
  else if (document.all) {
    // this is the way old msie versions work
    res = flip(document.all[szDivId]);
  }
  if(elem) {
    if(res == 0) elem.innerHTML = msg1; else elem.innerHTML = msg2;
  }

}

function toggleAllBoxes() {
  if (document.getElementsByTagName) {
    d = document.getElementsByTagName('div');
    for (i = 0; i < d.length; i++) {
      if (d[i].className == 'log') {
        flip(d[i]);
      }
    }
  }
}

// -->
</script>

</head>
<body>
<h2 align='center'>TestLogin.xml</h2><table border='1' align="center">
<tr>
<td>Tests passed/Failed/Skipped:</td><td>9/0/0</td>
</tr><tr>
<td>Started on:</td><td>Sun Jan 09 16:20:38 IRST 2022</td>
</tr>
<tr><td>Total time:</td><td>85 seconds (85447 ms)</td>
</tr><tr>
<td>Included groups:</td><td></td>
</tr><tr>
<td>Excluded groups:</td><td></td>
</tr>
</table><p/>
<small><i>(Hover the method name to see the test class name)</i></small><p/>
<table width='100%' border='1' class='invocation-failed'>
<tr><td colspan='4' align='center'><b>FAILED CONFIGURATIONS</b></td></tr>
<tr><td><b>Test method</b></td>
<td width="30%"><b>Exception</b></td>
<td width="10%"><b>Time (seconds)</b></td>
<td><b>Instance</b></td>
</tr>
<tr>
<td title='Establishment.Login.testCase.TestCase_LoginCorrectWhitGoogle.afterMethod()'><b>afterMethod</b><br>Test class: Establishment.Login.testCase.TestCase_LoginCorrectWhitGoogle</td>
<td><div><pre>java.lang.AssertionError: expected [https://accounts.google.com/o/oauth2/v2/auth/identifier?client_id=1063652617378-il10a552fpubqni9bcqeas3d2djljmhr.apps.googleusercontent.com&amp;redirect_uri=https%3A%2F%2Fkasb.abrestan.com%2Fgoogle%2Fcheck%2Fcallback&amp;scope=https%3A%2F%2Fwww.googleapis.com%2Fauth%2Fuserinfo.email%20https%3A%2F%2Fwww.googleapis.com%2Fauth%2Fuserinfo.profile&amp;response_type=code&amp;state=9aec6f52979c272ca3f255dd897c2315acc6e51b&amp;flowName=GeneralOAuthFlow] but found [https://kasb.abrestan.com/user/dashboard]
	at Establishment.Login.testCase.TestCase_LoginCorrectWhitGoogle.afterMethod(TestCase_LoginCorrectWhitGoogle.java:35)
	at java.base/java.util.ArrayList.forEach(ArrayList.java:1511)
... Removed 38 stack frames</pre></div><a href='#' onClick='toggleBox("stack-trace964895360", this, "Click to show all stack frames", "Click to hide stack frames")'>Click to show all stack frames</a>
<div class='stack-trace' id='stack-trace964895360'><pre>java.lang.AssertionError: expected [https://accounts.google.com/o/oauth2/v2/auth/identifier?client_id=1063652617378-il10a552fpubqni9bcqeas3d2djljmhr.apps.googleusercontent.com&amp;redirect_uri=https%3A%2F%2Fkasb.abrestan.com%2Fgoogle%2Fcheck%2Fcallback&amp;scope=https%3A%2F%2Fwww.googleapis.com%2Fauth%2Fuserinfo.email%20https%3A%2F%2Fwww.googleapis.com%2Fauth%2Fuserinfo.profile&amp;response_type=code&amp;state=9aec6f52979c272ca3f255dd897c2315acc6e51b&amp;flowName=GeneralOAuthFlow] but found [https://kasb.abrestan.com/user/dashboard]
	at org.testng.Assert.fail(Assert.java:99)
	at org.testng.Assert.failNotEquals(Assert.java:1037)
	at org.testng.Assert.assertEqualsImpl(Assert.java:140)
	at org.testng.Assert.assertEquals(Assert.java:122)
	at org.testng.Assert.assertEquals(Assert.java:629)
	at org.testng.Assert.assertEquals(Assert.java:639)
	at Establishment.Login.testCase.TestCase_LoginCorrectWhitGoogle.afterMethod(TestCase_LoginCorrectWhitGoogle.java:35)
	at java.base/jdk.internal.reflect.NativeMethodAccessorImpl.invoke0(Native Method)
	at java.base/jdk.internal.reflect.NativeMethodAccessorImpl.invoke(NativeMethodAccessorImpl.java:78)
	at java.base/jdk.internal.reflect.DelegatingMethodAccessorImpl.invoke(DelegatingMethodAccessorImpl.java:43)
	at java.base/java.lang.reflect.Method.invoke(Method.java:567)
	at org.testng.internal.MethodInvocationHelper.invokeMethod(MethodInvocationHelper.java:133)
	at org.testng.internal.MethodInvocationHelper.invokeMethodConsideringTimeout(MethodInvocationHelper.java:62)
	at org.testng.internal.ConfigInvoker.invokeConfigurationMethod(ConfigInvoker.java:385)
	at org.testng.internal.ConfigInvoker.invokeConfigurations(ConfigInvoker.java:321)
	at org.testng.internal.TestInvoker.runConfigMethods(TestInvoker.java:700)
	at org.testng.internal.TestInvoker.runAfterGroupsConfigurations(TestInvoker.java:676)
	at org.testng.internal.TestInvoker.invokeMethod(TestInvoker.java:660)
	at org.testng.internal.TestInvoker.invokeTestMethod(TestInvoker.java:173)
	at org.testng.internal.MethodRunner.runInSequence(MethodRunner.java:46)
	at org.testng.internal.TestInvoker$MethodInvocationAgent.invoke(TestInvoker.java:824)
	at org.testng.internal.TestInvoker.invokeTestMethods(TestInvoker.java:146)
	at org.testng.internal.TestMethodWorker.invokeTestMethods(TestMethodWorker.java:146)
	at org.testng.internal.TestMethodWorker.run(TestMethodWorker.java:128)
	at java.base/java.util.ArrayList.forEach(ArrayList.java:1511)
	at org.testng.TestRunner.privateRun(TestRunner.java:794)
	at org.testng.TestRunner.run(TestRunner.java:596)
	at org.testng.SuiteRunner.runTest(SuiteRunner.java:377)
	at org.testng.SuiteRunner.runSequentially(SuiteRunner.java:371)
	at org.testng.SuiteRunner.privateRun(SuiteRunner.java:332)
	at org.testng.SuiteRunner.run(SuiteRunner.java:276)
	at org.testng.SuiteRunnerWorker.runSuite(SuiteRunnerWorker.java:53)
	at org.testng.SuiteRunnerWorker.run(SuiteRunnerWorker.java:96)
	at org.testng.TestNG.runSuitesSequentially(TestNG.java:1212)
	at org.testng.TestNG.runSuitesLocally(TestNG.java:1134)
	at org.testng.TestNG.runSuites(TestNG.java:1063)
	at org.testng.TestNG.run(TestNG.java:1031)
	at org.testng.remote.AbstractRemoteTestNG.run(AbstractRemoteTestNG.java:115)
	at org.testng.remote.RemoteTestNG.initAndRun(RemoteTestNG.java:251)
	at org.testng.remote.RemoteTestNG.main(RemoteTestNG.java:77)
</pre></div></td>
<td>0</td>
<td>Establishment.Login.testCase.TestCase_LoginCorrectWhitGoogle@795cd85e</td></tr>
</table><p>
<table width='100%' border='1' class='invocation-passed'>
<tr><td colspan='4' align='center'><b>PASSED TESTS</b></td></tr>
<tr><td><b>Test method</b></td>
<td width="30%"><b>Exception</b></td>
<td width="10%"><b>Time (seconds)</b></td>
<td><b>Instance</b></td>
</tr>
<tr>
<td title='Establishment.Login.testCase.TestCase_LoginCorrectWhitGoogle.f()'><b>f</b><br>Test class: Establishment.Login.testCase.TestCase_LoginCorrectWhitGoogle</td>
<td></td>
<td>22</td>
<td>Establishment.Login.testCase.TestCase_LoginCorrectWhitGoogle@795cd85e</td></tr>
<tr>
<td title='Establishment.Login.testCase.TestCase_LoginUsernameWrong_PasswordCorrectWhitNumber.f()'><b>f</b><br>Test class: Establishment.Login.testCase.TestCase_LoginUsernameWrong_PasswordCorrectWhitNumber</td>
<td></td>
<td>0</td>
<td>Establishment.Login.testCase.TestCase_LoginUsernameWrong_PasswordCorrectWhitNumber@43195e57</td></tr>
<tr>
<td title='Establishment.Login.testCase.TestCase_LoginWrongWhitEmail.f()'><b>f</b><br>Test class: Establishment.Login.testCase.TestCase_LoginWrongWhitEmail</td>
<td></td>
<td>0</td>
<td>Establishment.Login.testCase.TestCase_LoginWrongWhitEmail@479d31f3</td></tr>
<tr>
<td title='Establishment.Login.testCase.TestCase_LoginUsernameWrong_PasswordCorrectWhitEmail.f()'><b>f</b><br>Test class: Establishment.Login.testCase.TestCase_LoginUsernameWrong_PasswordCorrectWhitEmail</td>
<td></td>
<td>0</td>
<td>Establishment.Login.testCase.TestCase_LoginUsernameWrong_PasswordCorrectWhitEmail@40ef3420</td></tr>
<tr>
<td title='Establishment.Login.testCase.TestCase_LoginUsernameCorrect_PasswordWrongWhitEmail.f()'><b>f</b><br>Test class: Establishment.Login.testCase.TestCase_LoginUsernameCorrect_PasswordWrongWhitEmail</td>
<td></td>
<td>0</td>
<td>Establishment.Login.testCase.TestCase_LoginUsernameCorrect_PasswordWrongWhitEmail@402bba4f</td></tr>
<tr>
<td title='Establishment.Login.testCase.TestCase_LoginCorrectWhitEmail.f()'><b>f</b><br>Test class: Establishment.Login.testCase.TestCase_LoginCorrectWhitEmail</td>
<td></td>
<td>2</td>
<td>Establishment.Login.testCase.TestCase_LoginCorrectWhitEmail@333291e3</td></tr>
<tr>
<td title='Establishment.Login.testCase.TestCase_LoginWrongWhitNumber.f()'><b>f</b><br>Test class: Establishment.Login.testCase.TestCase_LoginWrongWhitNumber</td>
<td></td>
<td>0</td>
<td>Establishment.Login.testCase.TestCase_LoginWrongWhitNumber@6973b51b</td></tr>
<tr>
<td title='Establishment.Login.testCase.TestCase_LoginUsernameCorrect_PasswordWrongWhitNumber.f()'><b>f</b><br>Test class: Establishment.Login.testCase.TestCase_LoginUsernameCorrect_PasswordWrongWhitNumber</td>
<td></td>
<td>0</td>
<td>Establishment.Login.testCase.TestCase_LoginUsernameCorrect_PasswordWrongWhitNumber@1ab3a8c8</td></tr>
<tr>
<td title='Establishment.Login.testCase.TestCase_LoginCorrectWhitNumber.f()'><b>f</b><br>Test class: Establishment.Login.testCase.TestCase_LoginCorrectWhitNumber</td>
<td></td>
<td>2</td>
<td>Establishment.Login.testCase.TestCase_LoginCorrectWhitNumber@7a69b07</td></tr>
</table><p>
</body>
</html>