<?xml version="1.0" encoding="UTF-8"?>
<!-- Generated by org.testng.reporters.JUnitXMLReporter -->
<testsuite ignored="0" hostname="DESKTOP-CD64S2Q" failures="0" tests="9" name="TestLogin.xml" time="85.447" errors="0" timestamp="2022-01-09T16:22:03 IRST">
  <testcase classname="Establishment.Login.testCase.TestCase_LoginCorrectWhitGoogle" name="@AfterMethod afterMethod" time="0.007">
    <failure type="java.lang.AssertionError" message="expected [https://accounts.google.com/o/oauth2/v2/auth/identifier?client_id=1063652617378-il10a552fpubqni9bcqeas3d2djljmhr.apps.googleusercontent.com&amp;amp;redirect_uri=https%3A%2F%2Fkasb.abrestan.com%2Fgoogle%2Fcheck%2Fcallback&amp;amp;scope=https%3A%2F%2Fwww.googleapis.com%2Fauth%2Fuserinfo.email%20https%3A%2F%2Fwww.googleapis.com%2Fauth%2Fuserinfo.profile&amp;amp;response_type=code&amp;amp;state=9aec6f52979c272ca3f255dd897c2315acc6e51b&amp;amp;flowName=GeneralOAuthFlow] but found [https://kasb.abrestan.com/user/dashboard]">
      <![CDATA[java.lang.AssertionError: expected [https://accounts.google.com/o/oauth2/v2/auth/identifier?client_id=1063652617378-il10a552fpubqni9bcqeas3d2djljmhr.apps.googleusercontent.com&redirect_uri=https%3A%2F%2Fkasb.abrestan.com%2Fgoogle%2Fcheck%2Fcallback&scope=https%3A%2F%2Fwww.googleapis.com%2Fauth%2Fuserinfo.email%20https%3A%2F%2Fwww.googleapis.com%2Fauth%2Fuserinfo.profile&response_type=code&state=9aec6f52979c272ca3f255dd897c2315acc6e51b&flowName=GeneralOAuthFlow] but found [https://kasb.abrestan.com/user/dashboard]
at Establishment.Login.testCase.TestCase_LoginCorrectWhitGoogle.afterMethod(TestCase_LoginCorrectWhitGoogle.java:35)
at java.base/java.util.ArrayList.forEach(ArrayList.java:1511)
... Removed 38 stack frames]]>
    </failure>
  </testcase> <!-- @AfterMethod afterMethod -->
  <testcase classname="Establishment.Login.testCase.TestCase_LoginCorrectWhitNumber" name="f" time="2.651"/>
  <testcase classname="Establishment.Login.testCase.TestCase_LoginWrongWhitNumber" name="f" time="0.742"/>
  <testcase classname="Establishment.Login.testCase.TestCase_LoginUsernameCorrect_PasswordWrongWhitNumber" name="f" time="0.829"/>
  <testcase classname="Establishment.Login.testCase.TestCase_LoginUsernameWrong_PasswordCorrectWhitNumber" name="f" time="0.69"/>
  <testcase classname="Establishment.Login.testCase.TestCase_LoginCorrectWhitEmail" name="f" time="2.486"/>
  <testcase classname="Establishment.Login.testCase.TestCase_LoginWrongWhitEmail" name="f" time="0.757"/>
  <testcase classname="Establishment.Login.testCase.TestCase_LoginUsernameWrong_PasswordCorrectWhitEmail" name="f" time="0.741"/>
  <testcase classname="Establishment.Login.testCase.TestCase_LoginUsernameCorrect_PasswordWrongWhitEmail" name="f" time="0.833"/>
  <testcase classname="Establishment.Login.testCase.TestCase_LoginCorrectWhitGoogle" name="f" time="22.684"/>
</testsuite> <!-- TestLogin.xml -->
